<?xml version="1.0" encoding="UTF-8"?>
<robot generator="Robot 3.0.4 (Python 3.7.0 on win32)" generated="20180712 13:47:56.390">
<suite id="s1" name="Sanity Check 1" source="E:\AutomaticTests\pocs\RobotFramework\Projects\DDSENOCFG\CFG Regression Test Suites\Sanity Check 1.robot">
<test id="s1-t1" name="Login VariantManagement Leader">
<kw name="Log" library="BuiltIn">
<doc>Logs the given message with the given level.</doc>
<arguments>
<arg>Login to 3DSpace application as Leader</arg>
</arguments>
<msg timestamp="20180712 13:47:59.399" level="INFO">Login to 3DSpace application as Leader</msg>
<status status="PASS" starttime="20180712 13:47:59.399" endtime="20180712 13:47:59.399"></status>
</kw>
<kw name="Login" library="VariantManagement">
<tags>
<tag>VariantManagement</tag>
<tag>Web</tag>
</tags>
<doc>*Open Variant Management Application*</doc>
<arguments>
<arg>${dddspace_link}</arg>
<arg>${username_leader}</arg>
<arg>${password}</arg>
</arguments>
<kw name="Open Browser" library="Selenium2Library">
<doc>Opens a new browser instance to the given ``url``.</doc>
<arguments>
<arg>${enovama_link}</arg>
</arguments>
<msg timestamp="20180712 13:47:59.400" level="INFO">Opening browser 'firefox' to base url 'https://vdevpril782dsy.ux.dsone.3ds.com/3DSpace/common/emxNavigator.jsp?appName=ENOVAMA_AP&amp;collabSpace=3DS%20Collab%20Space'.</msg>
<status status="PASS" starttime="20180712 13:47:59.400" endtime="20180712 13:48:04.443"></status>
</kw>
<kw name="Maximize Browser Window" library="Selenium2Library">
<doc>Maximizes current browser window.</doc>
<status status="PASS" starttime="20180712 13:48:04.444" endtime="20180712 13:48:04.762"></status>
</kw>
<kw name="Wait Until Element Is Visible" library="Selenium2Library">
<doc>Waits until element ``locator`` is visible.</doc>
<arguments>
<arg>name:username</arg>
<arg>30</arg>
<arg>Username field not found</arg>
</arguments>
<status status="PASS" starttime="20180712 13:48:04.762" endtime="20180712 13:48:05.019"></status>
</kw>
<kw name="Input Text" library="Selenium2Library">
<doc>Types the given ``text`` into text field identified by ``locator``.</doc>
<arguments>
<arg>name:username</arg>
<arg>${username}</arg>
</arguments>
<msg timestamp="20180712 13:48:05.019" level="INFO">Typing text 'opcfg_leader1' into text field 'name:username'.</msg>
<status status="PASS" starttime="20180712 13:48:05.019" endtime="20180712 13:48:05.079"></status>
</kw>
<kw name="Input Password" library="Selenium2Library">
<doc>Types the given password into text field identified by ``locator``.</doc>
<arguments>
<arg>name:password</arg>
<arg>${password}</arg>
</arguments>
<msg timestamp="20180712 13:48:05.079" level="INFO">Typing password into text field 'name:password'.</msg>
<status status="PASS" starttime="20180712 13:48:05.079" endtime="20180712 13:48:05.114"></status>
</kw>
<kw name="Submit Form" library="Selenium2Library">
<doc>Submits a form identified by ``locator``.</doc>
<arguments>
<arg>class:login-form</arg>
</arguments>
<msg timestamp="20180712 13:48:05.114" level="INFO">Submitting form 'class:login-form'.</msg>
<status status="PASS" starttime="20180712 13:48:05.114" endtime="20180712 13:48:05.145"></status>
</kw>
<kw name="Wait Until Element Is Visible" library="Selenium2Library">
<doc>Waits until element ``locator`` is visible.</doc>
<arguments>
<arg>id:input_search_div</arg>
<arg>30</arg>
<arg>Search bar not found</arg>
</arguments>
<status status="PASS" starttime="20180712 13:48:05.146" endtime="20180712 13:48:14.324"></status>
</kw>
<kw name="Wait Until Element Is Visible" library="Selenium2Library">
<doc>Waits until element ``locator`` is visible.</doc>
<arguments>
<arg>class:profile</arg>
<arg>30</arg>
<arg>Me menu not found</arg>
</arguments>
<status status="PASS" starttime="20180712 13:48:14.324" endtime="20180712 13:48:14.339"></status>
</kw>
<kw name="Wait Until Element Is Visible" library="Selenium2Library">
<doc>Waits until element ``locator`` is visible.</doc>
<arguments>
<arg>class:add</arg>
<arg>30</arg>
<arg>Plus menu not found</arg>
</arguments>
<status status="PASS" starttime="20180712 13:48:14.339" endtime="20180712 13:48:14.362"></status>
</kw>
<kw name="Run Keyword And Ignore Error" library="BuiltIn">
<doc>Runs the given keyword with the given arguments and ignores possible error.</doc>
<arguments>
<arg>Click Element</arg>
<arg>css:.ds-coachmark-close</arg>
</arguments>
<kw name="Click Element" library="Selenium2Library">
<doc>Click element identified by ``locator``.</doc>
<arguments>
<arg>css:.ds-coachmark-close</arg>
</arguments>
<msg timestamp="20180712 13:48:14.363" level="INFO">Clicking element 'css:.ds-coachmark-close'.</msg>
<status status="PASS" starttime="20180712 13:48:14.363" endtime="20180712 13:48:14.678"></status>
</kw>
<status status="PASS" starttime="20180712 13:48:14.362" endtime="20180712 13:48:14.678"></status>
</kw>
<kw name="Sleep" library="BuiltIn">
<doc>Pauses the test executed for the given time.</doc>
<arguments>
<arg>10</arg>
<arg>wait after login (3DSpace)</arg>
</arguments>
<msg timestamp="20180712 13:48:24.680" level="INFO">Slept 10 seconds</msg>
<msg timestamp="20180712 13:48:24.680" level="INFO">wait after login (3DSpace)</msg>
<status status="PASS" starttime="20180712 13:48:14.679" endtime="20180712 13:48:24.680"></status>
</kw>
<status status="PASS" starttime="20180712 13:47:59.399" endtime="20180712 13:48:24.681"></status>
</kw>
<status status="PASS" starttime="20180712 13:47:59.398" endtime="20180712 13:48:24.682" critical="yes"></status>
</test>
<test id="s1-t2" name="Create Product Line">
<kw name="Log" library="BuiltIn">
<doc>Logs the given message with the given level.</doc>
<arguments>
<arg>Create a new Product Line</arg>
</arguments>
<msg timestamp="20180712 13:48:24.690" level="INFO">Create a new Product Line</msg>
<status status="PASS" starttime="20180712 13:48:24.690" endtime="20180712 13:48:24.691"></status>
</kw>
<kw name="Go to category" library="VariantManagement">
<tags>
<tag>VariantManagement</tag>
<tag>Web</tag>
</tags>
<doc>*Go to given category*</doc>
<arguments>
<arg>product lines</arg>
</arguments>
<kw name="Run Keyword If" library="BuiltIn">
<doc>Runs the given keyword with the given arguments, if ``condition`` is true.</doc>
<arguments>
<arg>'${category}'=="product lines"</arg>
<arg>Click Element</arg>
<arg>css:div.group:nth-child(4) &gt; div:nth-child(2) &gt; ul:nth-child(1) &gt; li:nth-child(2) &gt; a:nth-child(1) &gt; label:nth-child(1)</arg>
</arguments>
<kw name="Click Element" library="Selenium2Library">
<doc>Click element identified by ``locator``.</doc>
<arguments>
<arg>css:div.group:nth-child(4) &gt; div:nth-child(2) &gt; ul:nth-child(1) &gt; li:nth-child(2) &gt; a:nth-child(1) &gt; label:nth-child(1)</arg>
</arguments>
<msg timestamp="20180712 13:48:24.695" level="INFO">Clicking element 'css:div.group:nth-child(4) &gt; div:nth-child(2) &gt; ul:nth-child(1) &gt; li:nth-child(2) &gt; a:nth-child(1) &gt; label:nth-child(1)'.</msg>
<status status="PASS" starttime="20180712 13:48:24.694" endtime="20180712 13:48:25.004"></status>
</kw>
<status status="PASS" starttime="20180712 13:48:24.693" endtime="20180712 13:48:25.004"></status>
</kw>
<status status="PASS" starttime="20180712 13:48:24.692" endtime="20180712 13:48:25.004"></status>
</kw>
<kw name="Create Product Line" library="VariantManagement">
<tags>
<tag>3DSpace</tag>
<tag>VariantManagement</tag>
<tag>Web</tag>
</tags>
<doc>*Create Product Line*</doc>
<arguments>
<arg>AUTO Robot Product Line</arg>
</arguments>
<kw name="Select Frame" library="Selenium2Library">
<doc>Sets frame identified by ``locator`` as the current frame.</doc>
<arguments>
<arg>id:content</arg>
</arguments>
<msg timestamp="20180712 13:48:25.007" level="INFO">Selecting frame 'id:content'.</msg>
<status status="PASS" starttime="20180712 13:48:25.006" endtime="20180712 13:48:25.063"></status>
</kw>
<kw name="Click Element" library="Selenium2Library">
<doc>Click element identified by ``locator``.</doc>
<arguments>
<arg>css:td.menu-button:nth-child(1) &gt; img:nth-child(1)</arg>
</arguments>
<msg timestamp="20180712 13:48:25.064" level="INFO">Clicking element 'css:td.menu-button:nth-child(1) &gt; img:nth-child(1)'.</msg>
<kw name="Capture Page Screenshot" library="Selenium2Library">
<doc>Takes screenshot of the current page and embeds it into log file.</doc>
<msg timestamp="20180712 13:48:25.266" level="INFO" html="yes">&lt;/td&gt;&lt;/tr&gt;&lt;tr&gt;&lt;td colspan="3"&gt;&lt;a href="selenium-screenshot-11.png"&gt;&lt;img src="selenium-screenshot-11.png" width="800px"&gt;&lt;/a&gt;</msg>
<status status="PASS" starttime="20180712 13:48:25.070" endtime="20180712 13:48:25.267"></status>
</kw>
<msg timestamp="20180712 13:48:25.270" level="FAIL">Element with locator 'css:td.menu-button:nth-child(1) &gt; img:nth-child(1)' not found.</msg>
<status status="FAIL" starttime="20180712 13:48:25.063" endtime="20180712 13:48:25.270"></status>
</kw>
<status status="FAIL" starttime="20180712 13:48:25.006" endtime="20180712 13:48:25.270"></status>
</kw>
<status status="FAIL" starttime="20180712 13:48:24.688" endtime="20180712 13:48:25.271" critical="yes">Element with locator 'css:td.menu-button:nth-child(1) &gt; img:nth-child(1)' not found.</status>
</test>
<metadata>
</metadata>
<status status="FAIL" starttime="20180712 13:47:56.395" endtime="20180712 13:48:25.272"></status>
</suite>
<statistics>
<total>
<stat pass="1" fail="1">Critical Tests</stat>
<stat pass="1" fail="1">All Tests</stat>
</total>
<tag>
</tag>
<suite>
<stat pass="1" fail="1" id="s1" name="Sanity Check 1">Sanity Check 1</stat>
</suite>
</statistics>
<errors>
</errors>
</robot>
